  Building 'Anti debug' with toolset 'WindowsKernelModeDriver10.0' and the 'Universal' target platform.
  Stamping ARM\Debug\Antidebug.inf
  Stamping [Version] section with DriverVer=08/01/2020,13.7.40.880
  Driver.c
C:\Program Files (x86)\Windows Kits\10\Include\10.0.19041.0\km\wdm.h(18865,32): error C4013: '_DataSynchronizationBarrier' undefined; assuming extern returning int
C:\Program Files (x86)\Windows Kits\10\Include\10.0.19041.0\km\wdm.h(19232,22): error C4013: '_MoveFromCoprocessor' undefined; assuming extern returning int
C:\Program Files (x86)\Windows Kits\10\Include\10.0.19041.0\km\wdm.h(19232,22): error C2065: 'CP15_TPIDRPRW': undeclared identifier
C:\Program Files (x86)\Windows Kits\10\Include\10.0.19041.0\km\wdm.h(19264,18): error C4013: 'MemoryBarrier' undefined; assuming extern returning int
C:\Program Files (x86)\Windows Kits\10\Include\10.0.19041.0\km\wdm.h(22782,5): error C4013: 'DbgRaiseAssertionFailure' undefined; assuming extern returning int
C:\Program Files (x86)\Windows Kits\10\Include\10.0.19041.0\km\wdm.h(32509,66): error C4013: 'InterlockedExchangePointer' undefined; assuming extern returning int
C:\Users\jguo5\source\repos\Anti debug\Anti debug\undocumented_structs.h(24,37): warning C4214: nonstandard extension used: bit field types other than int
C:\Users\jguo5\source\repos\Anti debug\Anti debug\undocumented_structs.h(25,39): warning C4214: nonstandard extension used: bit field types other than int
C:\Users\jguo5\source\repos\Anti debug\Anti debug\undocumented_structs.h(26,31): warning C4214: nonstandard extension used: bit field types other than int
C:\Users\jguo5\source\repos\Anti debug\Anti debug\undocumented_structs.h(27,44): warning C4214: nonstandard extension used: bit field types other than int
C:\Users\jguo5\source\repos\Anti debug\Anti debug\undocumented_structs.h(28,46): warning C4214: nonstandard extension used: bit field types other than int
C:\Users\jguo5\source\repos\Anti debug\Anti debug\undocumented_structs.h(29,42): warning C4214: nonstandard extension used: bit field types other than int
C:\Users\jguo5\source\repos\Anti debug\Anti debug\undocumented_structs.h(30,36): warning C4214: nonstandard extension used: bit field types other than int
C:\Users\jguo5\source\repos\Anti debug\Anti debug\undocumented_structs.h(31,32): warning C4214: nonstandard extension used: bit field types other than int
C:\Users\jguo5\source\repos\Anti debug\Anti debug\undocumented_structs.h(32,30): warning C4214: nonstandard extension used: bit field types other than int
C:\Users\jguo5\source\repos\Anti debug\Anti debug\undocumented_structs.h(33,39): warning C4214: nonstandard extension used: bit field types other than int
C:\Users\jguo5\source\repos\Anti debug\Anti debug\undocumented_structs.h(34,37): warning C4214: nonstandard extension used: bit field types other than int
C:\Users\jguo5\source\repos\Anti debug\Anti debug\undocumented_structs.h(35,37): warning C4214: nonstandard extension used: bit field types other than int
C:\Users\jguo5\source\repos\Anti debug\Anti debug\undocumented_structs.h(36,42): warning C4214: nonstandard extension used: bit field types other than int
C:\Users\jguo5\source\repos\Anti debug\Anti debug\undocumented_structs.h(37,37): warning C4214: nonstandard extension used: bit field types other than int
C:\Users\jguo5\source\repos\Anti debug\Anti debug\undocumented_structs.h(38,39): warning C4214: nonstandard extension used: bit field types other than int
C:\Users\jguo5\source\repos\Anti debug\Anti debug\undocumented_structs.h(39,37): warning C4214: nonstandard extension used: bit field types other than int
C:\Users\jguo5\source\repos\Anti debug\Anti debug\undocumented_structs.h(40,41): warning C4214: nonstandard extension used: bit field types other than int
C:\Users\jguo5\source\repos\Anti debug\Anti debug\undocumented_structs.h(41,42): warning C4214: nonstandard extension used: bit field types other than int
C:\Users\jguo5\source\repos\Anti debug\Anti debug\undocumented_structs.h(42,42): warning C4214: nonstandard extension used: bit field types other than int
C:\Users\jguo5\source\repos\Anti debug\Anti debug\undocumented_structs.h(43,42): warning C4214: nonstandard extension used: bit field types other than int
C:\Users\jguo5\source\repos\Anti debug\Anti debug\undocumented_structs.h(44,31): warning C4214: nonstandard extension used: bit field types other than int
C:\Users\jguo5\source\repos\Anti debug\Anti debug\undocumented_structs.h(45,35): warning C4214: nonstandard extension used: bit field types other than int
C:\Users\jguo5\source\repos\Anti debug\Anti debug\undocumented_structs.h(46,32): warning C4214: nonstandard extension used: bit field types other than int
C:\Users\jguo5\source\repos\Anti debug\Anti debug\undocumented_structs.h(47,32): warning C4214: nonstandard extension used: bit field types other than int
C:\Users\jguo5\source\repos\Anti debug\Anti debug\undocumented_structs.h(48,37): warning C4214: nonstandard extension used: bit field types other than int
C:\Users\jguo5\source\repos\Anti debug\Anti debug\undocumented_structs.h(49,33): warning C4214: nonstandard extension used: bit field types other than int
C:\Users\jguo5\source\repos\Anti debug\Anti debug\undocumented_structs.h(50,37): warning C4214: nonstandard extension used: bit field types other than int
C:\Users\jguo5\source\repos\Anti debug\Anti debug\undocumented_structs.h(51,46): warning C4214: nonstandard extension used: bit field types other than int
C:\Users\jguo5\source\repos\Anti debug\Anti debug\undocumented_structs.h(52,10): warning C4201: nonstandard extension used: nameless struct/union
C:\Users\jguo5\source\repos\Anti debug\Anti debug\undocumented_structs.h(53,6): warning C4201: nonstandard extension used: nameless struct/union
C:\Users\jguo5\source\repos\Anti debug\Anti debug\undocumented_structs.h(96,34): warning C4214: nonstandard extension used: bit field types other than int
C:\Users\jguo5\source\repos\Anti debug\Anti debug\undocumented_structs.h(97,33): warning C4214: nonstandard extension used: bit field types other than int
C:\Users\jguo5\source\repos\Anti debug\Anti debug\undocumented_structs.h(98,26): warning C4214: nonstandard extension used: bit field types other than int
C:\Users\jguo5\source\repos\Anti debug\Anti debug\Utils.h(47,23): warning C4047: '=': 'ULONG' differs in levels of indirection from 'PVOID'
C:\Users\jguo5\source\repos\Anti debug\Anti debug\Utils.h(84,21): warning C4018: '<': signed/unsigned mismatch
C:\Users\jguo5\source\repos\Anti debug\Anti debug\Utils.h(91,35): warning C4047: '=': 'PVOID' differs in levels of indirection from 'ULONG'
C:\Users\jguo5\source\repos\Anti debug\Anti debug\Utils.h(94,25): warning C4047: '=': 'ULONG' differs in levels of indirection from 'PVOID'
C:\Users\jguo5\source\repos\Anti debug\Anti debug\Utils.h(138,21): warning C4018: '<': signed/unsigned mismatch
C:\Users\jguo5\source\repos\Anti debug\Anti debug\Utils.h(164,24): warning C4242: '=': conversion from 'ULONG64' to 'ULONG', possible loss of data
C:\Users\jguo5\source\repos\Anti debug\Anti debug\Utils.h(174,21): warning C4242: '=': conversion from 'ULONG64' to 'ULONG', possible loss of data
C:\Users\jguo5\source\repos\Anti debug\Anti debug\register_callbacks.h(51,54): warning C4305: 'type cast': truncation from 'PVOID64' to 'BYTE *'
C:\Users\jguo5\source\repos\Anti debug\Anti debug\register_callbacks.h(55,27): warning C4022: 'memset': pointer mismatch for actual parameter 1
C:\Users\jguo5\source\repos\Anti debug\Anti debug\register_callbacks.h(67,54): warning C4305: 'type cast': truncation from 'PVOID64' to 'BYTE *'
C:\Users\jguo5\source\repos\Anti debug\Anti debug\register_callbacks.h(71,27): warning C4022: 'memset': pointer mismatch for actual parameter 1
C:\Users\jguo5\source\repos\Anti debug\Anti debug\register_callbacks.h(89,68): warning C4022: 'PsLookupThreadByThreadId': pointer mismatch for actual parameter 1
C:\Users\jguo5\source\repos\Anti debug\Anti debug\register_callbacks.h(128,65): warning C4022: 'PsLookupProcessByProcessId': pointer mismatch for actual parameter 1
C:\Users\jguo5\source\repos\Anti debug\Anti debug\register_callbacks.h(140,57): warning C4047: '==': 'HANDLE' differs in levels of indirection from 'DWORD'
